d:\rh\tcax\src\tcax\tcax\release\vc141.pdb
d:\rh\tcax\src\tcax\tcax\release\tcax_cmd.obj
d:\rh\tcax\src\tcax\tcax\release\py.obj
d:\rh\tcax\src\tcax\tcax\release\tcax.obj
d:\rh\tcax\src\tcax\tcax\release\tm.obj
d:\rh\tcax\src\tcax\tcax\release\tcc.obj
d:\rh\tcax\src\tcax\tcax\release\string.obj
d:\rh\tcax\src\tcax\tcax\release\map.obj
d:\rh\tcax\src\tcax\tcax\release\syl.obj
d:\rh\tcax\src\tcax\tcax\release\tccmap.obj
d:\rh\tcax\src\tcax\tcax\release\strmap.obj
d:\rh\tcax\src\tcax\tcax\release\vector.obj
d:\rh\tcax\src\tcax\tcax\release\tcas.obj
d:\rh\tcax\src\tcax\tcax\release\rb.obj
d:\rh\tcax\src\tcax\tcax\release\hla_z_comp.obj
d:\rh\tcax\src\tcax\tcax\release\tcax.exe
d:\rh\tcax\src\tcax\tcax\release\tcax.pdb
d:\rh\tcax\src\tcax\tcax\release\tcax.res
d:\rh\tcax\src\tcax\tcax\release\tcax.lib
d:\rh\tcax\src\tcax\tcax\release\tcax.exp
d:\rh\tcax\src\tcax\tcax\release\tcax.ipdb
d:\rh\tcax\src\tcax\tcax\release\tcax.iobj
d:\rh\tcax\src\tcax\tcax\release\tcax.tlog\cl.command.1.tlog
d:\rh\tcax\src\tcax\tcax\release\tcax.tlog\cl.read.1.tlog
d:\rh\tcax\src\tcax\tcax\release\tcax.tlog\cl.write.1.tlog
d:\rh\tcax\src\tcax\tcax\release\tcax.tlog\link.command.1.tlog
d:\rh\tcax\src\tcax\tcax\release\tcax.tlog\link.read.1.tlog
d:\rh\tcax\src\tcax\tcax\release\tcax.tlog\link.write.1.tlog
d:\rh\tcax\src\tcax\tcax\release\tcax.tlog\rc.command.1.tlog
d:\rh\tcax\src\tcax\tcax\release\tcax.tlog\rc.read.1.tlog
d:\rh\tcax\src\tcax\tcax\release\tcax.tlog\rc.write.1.tlog
d:\rh\tcax\src\tcax\tcax\release\tcax.tlog\tcax.write.1u.tlog
