d:\rh\tcax\freetype-2.9\objs\win32\release\ftbase.obj
d:\rh\tcax\freetype-2.9\objs\win32\release\ftlcdfil.obj
d:\rh\tcax\freetype-2.9\objs\win32\release\ftpfr.obj
d:\rh\tcax\freetype-2.9\objs\win32\release\fttype1.obj
d:\rh\tcax\freetype-2.9\objs\win32\release\ftcache.obj
d:\rh\tcax\freetype-2.9\objs\win32\release\ftlzw.obj
d:\rh\tcax\freetype-2.9\objs\win32\release\pfr.obj
d:\rh\tcax\freetype-2.9\objs\win32\release\psmodule.obj
d:\rh\tcax\freetype-2.9\objs\win32\release\smooth.obj
d:\rh\tcax\freetype-2.9\objs\win32\release\type1.obj
d:\rh\tcax\freetype-2.9\objs\win32\release\winfnt.obj
d:\rh\tcax\freetype-2.9\objs\win32\release\ftbbox.obj
d:\rh\tcax\freetype-2.9\objs\win32\release\ftcid.obj
d:\rh\tcax\freetype-2.9\objs\win32\release\ftfstype.obj
d:\rh\tcax\freetype-2.9\objs\win32\release\ftgasp.obj
d:\rh\tcax\freetype-2.9\objs\win32\release\ftinit.obj
d:\rh\tcax\freetype-2.9\objs\win32\release\ftpatent.obj
d:\rh\tcax\freetype-2.9\objs\win32\release\ftsystem.obj
d:\rh\tcax\freetype-2.9\objs\win32\release\type1cid.obj
d:\rh\tcax\freetype-2.9\objs\win32\release\ftgzip.obj
d:\rh\tcax\freetype-2.9\objs\win32\release\psaux.obj
d:\rh\tcax\freetype-2.9\objs\win32\release\autofit.obj
d:\rh\tcax\freetype-2.9\objs\win32\release\ftglyph.obj
d:\rh\tcax\freetype-2.9\objs\win32\release\ftmm.obj
d:\rh\tcax\freetype-2.9\objs\win32\release\ftstroke.obj
d:\rh\tcax\freetype-2.9\objs\win32\release\bdf.obj
d:\rh\tcax\freetype-2.9\objs\win32\release\pcf.obj
d:\rh\tcax\freetype-2.9\objs\win32\release\raster.obj
d:\rh\tcax\freetype-2.9\objs\win32\release\truetype.obj
d:\rh\tcax\freetype-2.9\objs\win32\release\ftbdf.obj
d:\rh\tcax\freetype-2.9\objs\win32\release\ftbitmap.obj
d:\rh\tcax\freetype-2.9\objs\win32\release\ftfntfmt.obj
d:\rh\tcax\freetype-2.9\objs\win32\release\ftgxval.obj
d:\rh\tcax\freetype-2.9\objs\win32\release\ftotval.obj
d:\rh\tcax\freetype-2.9\objs\win32\release\ftsynth.obj
d:\rh\tcax\freetype-2.9\objs\win32\release\ftwinfnt.obj
d:\rh\tcax\freetype-2.9\objs\win32\release\cff.obj
d:\rh\tcax\freetype-2.9\objs\win32\release\pshinter.obj
d:\rh\tcax\freetype-2.9\objs\win32\release\sfnt.obj
d:\rh\tcax\freetype-2.9\objs\win32\release\type42.obj
d:\rh\tcax\freetype-2.9\objs\win32\release\ftdebug.obj
d:\rh\tcax\freetype-2.9\objs\win32\release\freetype.lib
d:\rh\tcax\freetype-2.9\objs\win32\release\ftver.res
d:\rh\tcax\freetype-2.9\builds\windows\vc2010\..\..\..\objs\win32\release\freetype.lib
d:\rh\tcax\freetype-2.9\objs\win32\release\freetype.tlog\cl.command.1.tlog
d:\rh\tcax\freetype-2.9\objs\win32\release\freetype.tlog\cl.read.1.tlog
d:\rh\tcax\freetype-2.9\objs\win32\release\freetype.tlog\cl.write.1.tlog
d:\rh\tcax\freetype-2.9\objs\win32\release\freetype.tlog\lib-link-cvtres.read.1.tlog
d:\rh\tcax\freetype-2.9\objs\win32\release\freetype.tlog\lib-link-cvtres.write.1.tlog
d:\rh\tcax\freetype-2.9\objs\win32\release\freetype.tlog\lib.command.1.tlog
d:\rh\tcax\freetype-2.9\objs\win32\release\freetype.tlog\rc.command.1.tlog
d:\rh\tcax\freetype-2.9\objs\win32\release\freetype.tlog\rc.read.1.tlog
d:\rh\tcax\freetype-2.9\objs\win32\release\freetype.tlog\rc.write.1.tlog
