d:\rh\tcax\freetype-2.9\objs\win32\release static\ftbase.obj
d:\rh\tcax\freetype-2.9\objs\win32\release static\ftmm.obj
d:\rh\tcax\freetype-2.9\objs\win32\release static\ftsynth.obj
d:\rh\tcax\freetype-2.9\objs\win32\release static\bdf.obj
d:\rh\tcax\freetype-2.9\objs\win32\release static\ftlzw.obj
d:\rh\tcax\freetype-2.9\objs\win32\release static\pfr.obj
d:\rh\tcax\freetype-2.9\objs\win32\release static\raster.obj
d:\rh\tcax\freetype-2.9\objs\win32\release static\type1.obj
d:\rh\tcax\freetype-2.9\objs\win32\release static\winfnt.obj
d:\rh\tcax\freetype-2.9\objs\win32\release static\autofit.obj
d:\rh\tcax\freetype-2.9\objs\win32\release static\ftgasp.obj
d:\rh\tcax\freetype-2.9\objs\win32\release static\ftlcdfil.obj
d:\rh\tcax\freetype-2.9\objs\win32\release static\ftpfr.obj
d:\rh\tcax\freetype-2.9\objs\win32\release static\ftsystem.obj
d:\rh\tcax\freetype-2.9\objs\win32\release static\ftcache.obj
d:\rh\tcax\freetype-2.9\objs\win32\release static\ftgzip.obj
d:\rh\tcax\freetype-2.9\objs\win32\release static\psmodule.obj
d:\rh\tcax\freetype-2.9\objs\win32\release static\sfnt.obj
d:\rh\tcax\freetype-2.9\objs\win32\release static\type42.obj
d:\rh\tcax\freetype-2.9\objs\win32\release static\ftbdf.obj
d:\rh\tcax\freetype-2.9\objs\win32\release static\ftcid.obj
d:\rh\tcax\freetype-2.9\objs\win32\release static\ftfntfmt.obj
d:\rh\tcax\freetype-2.9\objs\win32\release static\ftfstype.obj
d:\rh\tcax\freetype-2.9\objs\win32\release static\ftinit.obj
d:\rh\tcax\freetype-2.9\objs\win32\release static\ftpatent.obj
d:\rh\tcax\freetype-2.9\objs\win32\release static\fttype1.obj
d:\rh\tcax\freetype-2.9\objs\win32\release static\ftwinfnt.obj
d:\rh\tcax\freetype-2.9\objs\win32\release static\type1cid.obj
d:\rh\tcax\freetype-2.9\objs\win32\release static\pcf.obj
d:\rh\tcax\freetype-2.9\objs\win32\release static\pshinter.obj
d:\rh\tcax\freetype-2.9\objs\win32\release static\smooth.obj
d:\rh\tcax\freetype-2.9\objs\win32\release static\truetype.obj
d:\rh\tcax\freetype-2.9\objs\win32\release static\ftbbox.obj
d:\rh\tcax\freetype-2.9\objs\win32\release static\ftbitmap.obj
d:\rh\tcax\freetype-2.9\objs\win32\release static\ftglyph.obj
d:\rh\tcax\freetype-2.9\objs\win32\release static\ftgxval.obj
d:\rh\tcax\freetype-2.9\objs\win32\release static\ftotval.obj
d:\rh\tcax\freetype-2.9\objs\win32\release static\ftstroke.obj
d:\rh\tcax\freetype-2.9\objs\win32\release static\cff.obj
d:\rh\tcax\freetype-2.9\objs\win32\release static\psaux.obj
d:\rh\tcax\freetype-2.9\objs\win32\release static\ftdebug.obj
d:\rh\tcax\freetype-2.9\objs\win32\release static\freetype.lib
d:\rh\tcax\freetype-2.9\objs\win32\release static\ftver.res
d:\rh\tcax\freetype-2.9\builds\windows\vc2010\..\..\..\objs\win32\release static\freetype.lib
d:\rh\tcax\freetype-2.9\objs\win32\release static\freetype.tlog\cl.command.1.tlog
d:\rh\tcax\freetype-2.9\objs\win32\release static\freetype.tlog\cl.read.1.tlog
d:\rh\tcax\freetype-2.9\objs\win32\release static\freetype.tlog\cl.write.1.tlog
d:\rh\tcax\freetype-2.9\objs\win32\release static\freetype.tlog\lib-link-cvtres.read.1.tlog
d:\rh\tcax\freetype-2.9\objs\win32\release static\freetype.tlog\lib-link-cvtres.write.1.tlog
d:\rh\tcax\freetype-2.9\objs\win32\release static\freetype.tlog\lib.command.1.tlog
d:\rh\tcax\freetype-2.9\objs\win32\release static\freetype.tlog\rc.command.1.tlog
d:\rh\tcax\freetype-2.9\objs\win32\release static\freetype.tlog\rc.read.1.tlog
d:\rh\tcax\freetype-2.9\objs\win32\release static\freetype.tlog\rc.write.1.tlog
